Iniciado el proceso 3 del componente local a las 27/05/2018  1:49:24.04  
La ubicacion del dbf original es: C:/Restbar/DBC
La ubicacion del dbf copia es: C:/SirloinDesarrollo/DBC/Copia
Ejecutando el proceso: 3
---------- Ejecutando el proceso 3 (Sincronizacion entre la tabla espejo a la tabla original, usando el timestamp)
-----------Se sincronizaron 2675 tarjetas, de la tabla espejo a la tabla original ---------
Iniciado el proceso 3 del componente local a las 27/05/2018  1:52:21.76  
La ubicacion del dbf original es: C:/Restbar/DBC
La ubicacion del dbf copia es: C:/SirloinDesarrollo/DBC/Copia
Ejecutando el proceso: 3
---------- Ejecutando el proceso 3 (Sincronizacion entre la tabla espejo a la tabla original, usando el timestamp)
-----------Se sincronizaron 2675 tarjetas, de la tabla espejo a la tabla original ---------
Iniciado el proceso 3 del componente local a las 27/05/2018 22:53:34.09  
La ubicacion del dbf original es: C:/Restbar/DBC
La ubicacion del dbf copia es: C:/SirloinDesarrollo/DBC/Copia
Ejecutando el proceso: 3
---------- Ejecutando el proceso 3 (Sincronizacion entre la tabla espejo a la tabla original, usando el timestamp)
-----------Se sincronizaron 2675 tarjetas, de la tabla espejo a la tabla original ---------
Iniciado el proceso 3 del componente local a las 27/05/2018 23:43:39.14  
La ubicacion del dbf original es: C:/Restbar/DBC
La ubicacion del dbf copia es: C:/SirloinDesarrollo/DBC/Copia
Ejecutando el proceso: 3
---------- Ejecutando el proceso 3 (Sincronizacion entre la tabla espejo a la tabla original, usando el timestamp)
-----------Se sincronizaron 2676 tarjetas, de la tabla espejo a la tabla original ---------
Iniciado el proceso 3 del componente local a las 30/05/2018  8:10:16.42  
La ubicacion del dbf original es: C:/Restbar/DBC
La ubicacion del dbf copia es: C:/SirloinDesarrollo/DBC/Copia
Ejecutando el proceso: 3
---------- Ejecutando el proceso 3 (Sincronizacion entre la tabla espejo a la tabla original, usando el timestamp)
-----------Se sincronizaron 2676 tarjetas, de la tabla espejo a la tabla original ---------
Iniciado el proceso 3 del componente local a las 30/05/2018 20:14:35.37  
La ubicacion del dbf original es: C:/Restbar/DBC
La ubicacion del dbf copia es: C:/SirloinDesarrollo/DBC/Copia
Ejecutando el proceso: 3
---------- Ejecutando el proceso 3 (Sincronizacion entre la tabla espejo a la tabla original, usando el timestamp)
-----------Se sincronizaron 2677 tarjetas, de la tabla espejo a la tabla original ---------
Iniciado el proceso 3 del componente local a las 31/05/2018 20:21:59.29  
La ubicacion del dbf original es: C:/Restbar/DBC
La ubicacion del dbf copia es: C:/SirloinDesarrollo/DBC/Copia
Ejecutando el proceso: 3
---------- Ejecutando el proceso 3 (Sincronizacion entre la tabla espejo a la tabla original, usando el timestamp)
-----------Se sincronizaron 2678 tarjetas, de la tabla espejo a la tabla original ---------
La ubicacion del dbf original es: C:/Restbar/DBC
La ubicacion del dbf copia es: C:/SirloinDesarrollo/DBC/Copia
Ejecutando el proceso: 3
---------- Ejecutando el proceso 3 (Sincronizacion entre la tabla espejo a la tabla original, usando el timestamp)
-----------Se sincronizaron 2679 tarjetas, de la tabla espejo a la tabla original ---------
La ubicacion del dbf original es: C:/Restbar/DBC
La ubicacion del dbf copia es: C:/SirloinDesarrollo/DBC/Copia
Ejecutando el proceso: 3
---------- Ejecutando el proceso 3 (Sincronizacion entre la tabla espejo a la tabla original, usando el timestamp)
-----------Se sincronizaron 2680 tarjetas, de la tabla espejo a la tabla original ---------
Iniciado el proceso 3 del componente local a las 04/06/2018 18:54:48.16  
La ubicacion del dbf original es: C:/Restbar/DBC
La ubicacion del dbf copia es: C:/SirloinDesarrollo/DBC/Copia
Ejecutando el proceso: 3
---------- Ejecutando el proceso 3 (Sincronizacion entre la tabla espejo a la tabla original, usando el timestamp)
-----------Se sincronizaron 2681 tarjetas, de la tabla espejo a la tabla original ---------
Iniciado el proceso 3 del componente local a las 21/06/2018  4:15:00.06  
Iniciado el proceso 3 del componente local a las 22/06/2018  4:15:00.17  
